<?xml version="1.0" encoding="UTF-8"?>
<!-- Generated by org.testng.reporters.JUnitReportReporter -->
<testsuite skipped="0" hostname="INBAWN167329" name="com.QA.opencart.tests.RegistarationPageTest" tests="3" failures="0" timestamp="18 Apr 2022 19:09:30 GMT" time="40.721" errors="0">
  <testcase name="accountRegistrationTest" time="13.429" classname="com.QA.opencart.tests.RegistarationPageTest"/>
  <testcase name="accountRegistrationTest" time="13.814" classname="com.QA.opencart.tests.RegistarationPageTest"/>
  <testcase name="accountRegistrationTest" time="13.478" classname="com.QA.opencart.tests.RegistarationPageTest"/>
</testsuite> <!-- com.QA.opencart.tests.RegistarationPageTest -->
