<?xml version="1.0" encoding="UTF-8"?>
<!-- Generated by org.testng.reporters.JUnitReportReporter -->
<testsuite skipped="0" hostname="INBAWN167329" name="com.QA.opencart.tests.ProductInfoPageTest" tests="4" failures="0" timestamp="24 Mar 2022 18:18:02 GMT" time="21.721" errors="0">
  <testcase name="productImagesCountTest" time="4.303" classname="com.QA.opencart.tests.ProductInfoPageTest"/>
  <testcase name="productHeaderNameTest" time="8.288" classname="com.QA.opencart.tests.ProductInfoPageTest"/>
  <testcase name="productImagesCountTest" time="4.747" classname="com.QA.opencart.tests.ProductInfoPageTest"/>
  <testcase name="productInfoTest" time="4.383" classname="com.QA.opencart.tests.ProductInfoPageTest"/>
</testsuite> <!-- com.QA.opencart.tests.ProductInfoPageTest -->
