<?xml version="1.0" encoding="UTF-8"?>
<!-- Generated by org.testng.reporters.JUnitReportReporter -->
<testsuite skipped="0" hostname="INBAWN167329" name="com.QA.opencart.tests.LoginPageTest" tests="4" failures="0" timestamp="18 Apr 2022 19:09:30 GMT" time="3.903" errors="0">
  <testcase name="loginPageURLTest" time="0.058" classname="com.QA.opencart.tests.LoginPageTest"/>
  <testcase name="forgotPasswordLlinkTest" time="0.303" classname="com.QA.opencart.tests.LoginPageTest"/>
  <testcase name="loginPageTitleTest" time="0.023" classname="com.QA.opencart.tests.LoginPageTest"/>
  <testcase name="loginTest" time="3.519" classname="com.QA.opencart.tests.LoginPageTest"/>
</testsuite> <!-- com.QA.opencart.tests.LoginPageTest -->
